Performing C++ SOURCE FILE Test CMAKE_HAVE_LIBC_PTHREAD failed with the following output:
Change Dir: /src/build_docker/CMakeFiles/CMakeTmp

Run Build Command(s):/usr/sbin/make -f Makefile cmTC_03a51/fast && /usr/sbin/make  -f CMakeFiles/cmTC_03a51.dir/build.make CMakeFiles/cmTC_03a51.dir/build
make[1]: Entering directory '/src/build_docker/CMakeFiles/CMakeTmp'
Building CXX object CMakeFiles/cmTC_03a51.dir/src.cxx.o
/usr/sbin/c++ -DCMAKE_HAVE_LIBC_PTHREAD  -std=c++17 -o CMakeFiles/cmTC_03a51.dir/src.cxx.o -c /src/build_docker/CMakeFiles/CMakeTmp/src.cxx
Linking CXX executable cmTC_03a51
/usr/bin/cmake -E cmake_link_script CMakeFiles/cmTC_03a51.dir/link.txt --verbose=1
/usr/sbin/c++ CMakeFiles/cmTC_03a51.dir/src.cxx.o -o cmTC_03a51 
/usr/sbin/ld: CMakeFiles/cmTC_03a51.dir/src.cxx.o: in function `main':
src.cxx:(.text+0x3e): undefined reference to `pthread_create'
/usr/sbin/ld: src.cxx:(.text+0x4a): undefined reference to `pthread_detach'
/usr/sbin/ld: src.cxx:(.text+0x56): undefined reference to `pthread_cancel'
/usr/sbin/ld: src.cxx:(.text+0x67): undefined reference to `pthread_join'
collect2: error: ld returned 1 exit status
make[1]: *** [CMakeFiles/cmTC_03a51.dir/build.make:99: cmTC_03a51] Error 1
make[1]: Leaving directory '/src/build_docker/CMakeFiles/CMakeTmp'
make: *** [Makefile:127: cmTC_03a51/fast] Error 2


Source file was:
#include <pthread.h>

static void* test_func(void* data)
{
  return data;
}

int main(void)
{
  pthread_t thread;
  pthread_create(&thread, NULL, test_func, NULL);
  pthread_detach(thread);
  pthread_cancel(thread);
  pthread_join(thread, NULL);
  pthread_atfork(NULL, NULL, NULL);
  pthread_exit(NULL);

  return 0;
}

Determining if the __arm__ exist failed with the following output:
Change Dir: /src/build_docker/CMakeFiles/CMakeTmp

Run Build Command(s):/usr/sbin/make -f Makefile cmTC_7c462/fast && /usr/sbin/make  -f CMakeFiles/cmTC_7c462.dir/build.make CMakeFiles/cmTC_7c462.dir/build
make[1]: Entering directory '/src/build_docker/CMakeFiles/CMakeTmp'
Building CXX object CMakeFiles/cmTC_7c462.dir/CheckSymbolExists.cxx.o
/usr/sbin/c++   -std=c++17 -o CMakeFiles/cmTC_7c462.dir/CheckSymbolExists.cxx.o -c /src/build_docker/CMakeFiles/CMakeTmp/CheckSymbolExists.cxx
/src/build_docker/CMakeFiles/CMakeTmp/CheckSymbolExists.cxx: In function ‘int main(int, char**)’:
/src/build_docker/CMakeFiles/CMakeTmp/CheckSymbolExists.cxx:8:19: error: ‘__arm__’ was not declared in this scope
    8 |   return ((int*)(&__arm__))[argc];
      |                   ^~~~~~~
make[1]: *** [CMakeFiles/cmTC_7c462.dir/build.make:78: CMakeFiles/cmTC_7c462.dir/CheckSymbolExists.cxx.o] Error 1
make[1]: Leaving directory '/src/build_docker/CMakeFiles/CMakeTmp'
make: *** [Makefile:127: cmTC_7c462/fast] Error 2


File /src/build_docker/CMakeFiles/CMakeTmp/CheckSymbolExists.cxx:
/* */
#include <cstdio>

int main(int argc, char** argv)
{
  (void)argv;
#ifndef __arm__
  return ((int*)(&__arm__))[argc];
#else
  (void)argc;
  return 0;
#endif
}
Determining if the __aarch64__ exist failed with the following output:
Change Dir: /src/build_docker/CMakeFiles/CMakeTmp

Run Build Command(s):/usr/sbin/make -f Makefile cmTC_433ac/fast && /usr/sbin/make  -f CMakeFiles/cmTC_433ac.dir/build.make CMakeFiles/cmTC_433ac.dir/build
make[1]: Entering directory '/src/build_docker/CMakeFiles/CMakeTmp'
Building CXX object CMakeFiles/cmTC_433ac.dir/CheckSymbolExists.cxx.o
/usr/sbin/c++   -std=c++17 -o CMakeFiles/cmTC_433ac.dir/CheckSymbolExists.cxx.o -c /src/build_docker/CMakeFiles/CMakeTmp/CheckSymbolExists.cxx
/src/build_docker/CMakeFiles/CMakeTmp/CheckSymbolExists.cxx: In function ‘int main(int, char**)’:
/src/build_docker/CMakeFiles/CMakeTmp/CheckSymbolExists.cxx:8:19: error: ‘__aarch64__’ was not declared in this scope
    8 |   return ((int*)(&__aarch64__))[argc];
      |                   ^~~~~~~~~~~
make[1]: *** [CMakeFiles/cmTC_433ac.dir/build.make:78: CMakeFiles/cmTC_433ac.dir/CheckSymbolExists.cxx.o] Error 1
make[1]: Leaving directory '/src/build_docker/CMakeFiles/CMakeTmp'
make: *** [Makefile:127: cmTC_433ac/fast] Error 2


File /src/build_docker/CMakeFiles/CMakeTmp/CheckSymbolExists.cxx:
/* */
#include <cstdio>

int main(int argc, char** argv)
{
  (void)argv;
#ifndef __aarch64__
  return ((int*)(&__aarch64__))[argc];
#else
  (void)argc;
  return 0;
#endif
}
Determining if the std::regex::multiline exist failed with the following output:
Change Dir: /src/build_docker/CMakeFiles/CMakeTmp

Run Build Command(s):/usr/sbin/make -f Makefile cmTC_0f05d/fast && /usr/sbin/make  -f CMakeFiles/cmTC_0f05d.dir/build.make CMakeFiles/cmTC_0f05d.dir/build
make[1]: Entering directory '/src/build_docker/CMakeFiles/CMakeTmp'
Building CXX object CMakeFiles/cmTC_0f05d.dir/CheckSymbolExists.cxx.o
/usr/sbin/c++   -std=c++17 -o CMakeFiles/cmTC_0f05d.dir/CheckSymbolExists.cxx.o -c /src/build_docker/CMakeFiles/CMakeTmp/CheckSymbolExists.cxx
/src/build_docker/CMakeFiles/CMakeTmp/CheckSymbolExists.cxx: In function ‘int main(int, char**)’:
/src/build_docker/CMakeFiles/CMakeTmp/CheckSymbolExists.cxx:7:31: error: ‘multiline’ is not a member of ‘std::__cxx11::regex’ {aka ‘std::__cxx11::basic_regex<char>’}
    7 |   return ((int*)(&std::regex::multiline))[argc];
      |                               ^~~~~~~~~
make[1]: *** [CMakeFiles/cmTC_0f05d.dir/build.make:78: CMakeFiles/cmTC_0f05d.dir/CheckSymbolExists.cxx.o] Error 1
make[1]: Leaving directory '/src/build_docker/CMakeFiles/CMakeTmp'
make: *** [Makefile:127: cmTC_0f05d/fast] Error 2


File /src/build_docker/CMakeFiles/CMakeTmp/CheckSymbolExists.cxx:
/* */
#include <regex>

int main(int argc, char** argv)
{
  (void)argv;
  return ((int*)(&std::regex::multiline))[argc];
}
